0 info it worked if it ends with ok
1 verbose cli [ '/usr/local/Cellar/node4-lts/4.6.1/bin/node',
1 verbose cli   '/usr/local/bin/npm',
1 verbose cli   'publish' ]
2 info using npm@3.10.8
3 info using node@v4.6.1
4 verbose publish [ '.' ]
5 silly cache add args [ '.', null ]
6 verbose cache add spec .
7 silly cache add parsed spec Result {
7 silly cache add   raw: '.',
7 silly cache add   scope: null,
7 silly cache add   escapedName: null,
7 silly cache add   name: null,
7 silly cache add   rawSpec: '.',
7 silly cache add   spec: '/www/etoken-lib',
7 silly cache add   type: 'directory' }
8 verbose addLocalDirectory /Users/anton44eg/.npm/etoken-lib/0.0.9/package.tgz not in flight; packing
9 verbose correctMkdir /Users/anton44eg/.npm correctMkdir not in flight; initializing
10 info lifecycle etoken-lib@0.0.9~prepublish: etoken-lib@0.0.9
11 silly lifecycle etoken-lib@0.0.9~prepublish: no script for prepublish, continuing
12 verbose tar pack [ '/Users/anton44eg/.npm/etoken-lib/0.0.9/package.tgz',
12 verbose tar pack   '/www/etoken-lib' ]
13 verbose tarball /Users/anton44eg/.npm/etoken-lib/0.0.9/package.tgz
14 verbose folder /www/etoken-lib
15 verbose addLocalTarball adding from inside cache /Users/anton44eg/.npm/etoken-lib/0.0.9/package.tgz
16 verbose correctMkdir /Users/anton44eg/.npm correctMkdir not in flight; initializing
17 silly cache afterAdd etoken-lib@0.0.9
18 verbose afterAdd /Users/anton44eg/.npm/etoken-lib/0.0.9/package/package.json not in flight; writing
19 verbose correctMkdir /Users/anton44eg/.npm correctMkdir not in flight; initializing
20 verbose afterAdd /Users/anton44eg/.npm/etoken-lib/0.0.9/package/package.json written
21 silly publish { name: 'etoken-lib',
21 silly publish   version: '0.0.9',
21 silly publish   description: 'Ambisafe Etoken Lib',
21 silly publish   main: 'dist/index.js',
21 silly publish   repository:
21 silly publish    { type: 'git',
21 silly publish      url: 'git+https://bitbucket.org/ambisafe/etoken-lib.git' },
21 silly publish   scripts:
21 silly publish    { test: 'echo "Error: no test specified" && exit 1',
21 silly publish      build: 'babel src --out-dir dist && webpack --config webpack.config.js',
21 silly publish      'build-min': 'babel src --out-dir dist && webpack --config webpack-min.config.js' },
21 silly publish   author: '',
21 silly publish   license: 'ISC',
21 silly publish   dependencies:
21 silly publish    { 'contract-container-storage-js': '0.0.4',
21 silly publish      'ambisafe-client-javascript': '0.11.4',
21 silly publish      crypto: '0.0.3',
21 silly publish      'ethereumjs-tx': '^1.1.2',
21 silly publish      'ethereumjs-util': '4.3.0',
21 silly publish      web3: '0.15.3',
21 silly publish      'web3-provider-engine': 'github:ambisafe/provider-engine#forgive-undef-strings' },
21 silly publish   devDependencies:
21 silly publish    { 'babel-cli': '^6.11.4',
21 silly publish      'babel-core': '6.10.4',
21 silly publish      'babel-loader': '6.2.4',
21 silly publish      'babel-plugin-add-module-exports': '0.2.1',
21 silly publish      'babel-preset-es2015': '6.9.0',
21 silly publish      babelify: '7.3.0',
21 silly publish      install: '0.6.1',
21 silly publish      'json-loader': '0.5.4',
21 silly publish      uglifyify: '3.0.2',
21 silly publish      webpack: '1.13.1',
21 silly publish      'webpack-dev-server': '1.14.1' },
21 silly publish   browserify: { extension: [ '.es6' ], transform: [ [Object] ] },
21 silly publish   readme: '# EToken lib\n## Run demo\n\nRun web server at 9000 port from this dir. \n\nPython\n\n    $ python -m SimpleHttpServer 9000\n    \nPHP\n\n    $ php -S localhost:9000\n\nOpen [http://localhost:9000/demo/](http://localhost:9000/demo/) in browser.\n\nPut private key to window.opts.\n\nCreate account. Then get this account.\n',
21 silly publish   readmeFilename: 'README.md',
21 silly publish   gitHead: 'fe61390ed5092bc0b64ca61810c0785a5a1d9f7c',
21 silly publish   homepage: 'https://bitbucket.org/ambisafe/etoken-lib#readme',
21 silly publish   _id: 'etoken-lib@0.0.9',
21 silly publish   _shasum: 'ea036c146bb0cb88469c76ce1c6b7984d8ba8822',
21 silly publish   _from: '.' }
22 verbose getPublishConfig undefined
23 silly mapToRegistry name etoken-lib
24 silly mapToRegistry using default registry
25 silly mapToRegistry registry https://registry.npmjs.org/
26 silly mapToRegistry data Result {
26 silly mapToRegistry   raw: 'etoken-lib',
26 silly mapToRegistry   scope: null,
26 silly mapToRegistry   escapedName: 'etoken-lib',
26 silly mapToRegistry   name: 'etoken-lib',
26 silly mapToRegistry   rawSpec: '',
26 silly mapToRegistry   spec: 'latest',
26 silly mapToRegistry   type: 'tag' }
27 silly mapToRegistry uri https://registry.npmjs.org/etoken-lib
28 verbose publish registryBase https://registry.npmjs.org/
29 silly publish uploading /Users/anton44eg/.npm/etoken-lib/0.0.9/package.tgz
30 verbose request uri https://registry.npmjs.org/etoken-lib
31 verbose request sending authorization for write operation
32 info attempt registry request try #1 at 8:10:00 PM
33 verbose request using bearer token for auth
34 verbose request id f0c237707c46cfd4
35 http request PUT https://registry.npmjs.org/etoken-lib
36 http 403 https://registry.npmjs.org/etoken-lib
37 verbose headers { 'content-type': 'application/json',
37 verbose headers   'cache-control': 'max-age=300',
37 verbose headers   'content-length': '95',
37 verbose headers   'accept-ranges': 'bytes',
37 verbose headers   date: 'Tue, 08 Nov 2016 18:10:02 GMT',
37 verbose headers   via: '1.1 varnish',
37 verbose headers   connection: 'keep-alive',
37 verbose headers   'x-served-by': 'cache-lhr6342-LHR',
37 verbose headers   'x-cache': 'MISS',
37 verbose headers   'x-cache-hits': '0',
37 verbose headers   'x-timer': 'S1478628601.147886,VS0,VE1538',
37 verbose headers   vary: 'Accept-Encoding' }
38 verbose request invalidating /Users/anton44eg/.npm/registry.npmjs.org/etoken-lib on PUT
39 error publish Failed PUT 403
40 verbose stack Error: "You cannot publish over the previously published version 0.0.9." : etoken-lib
40 verbose stack     at makeError (/usr/local/lib/node_modules/npm/node_modules/npm-registry-client/lib/request.js:302:12)
40 verbose stack     at CachingRegistryClient.<anonymous> (/usr/local/lib/node_modules/npm/node_modules/npm-registry-client/lib/request.js:290:14)
40 verbose stack     at Request._callback (/usr/local/lib/node_modules/npm/node_modules/npm-registry-client/lib/request.js:210:14)
40 verbose stack     at Request.self.callback (/usr/local/lib/node_modules/npm/node_modules/request/request.js:187:22)
40 verbose stack     at emitTwo (events.js:87:13)
40 verbose stack     at Request.emit (events.js:172:7)
40 verbose stack     at Request.<anonymous> (/usr/local/lib/node_modules/npm/node_modules/request/request.js:1044:10)
40 verbose stack     at emitOne (events.js:77:13)
40 verbose stack     at Request.emit (events.js:169:7)
40 verbose stack     at IncomingMessage.<anonymous> (/usr/local/lib/node_modules/npm/node_modules/request/request.js:965:12)
41 verbose statusCode 403
42 verbose pkgid etoken-lib
43 verbose cwd /www/etoken-lib
44 error Darwin 16.1.0
45 error argv "/usr/local/Cellar/node4-lts/4.6.1/bin/node" "/usr/local/bin/npm" "publish"
46 error node v4.6.1
47 error npm  v3.10.8
48 error code E403
49 error "You cannot publish over the previously published version 0.0.9." : etoken-lib
50 error If you need help, you may report this error at:
50 error     <https://github.com/npm/npm/issues>
51 verbose exit [ 1, true ]
